<?xml version="1.0" encoding="UTF-8"?>
<!-- Generated by org.testng.reporters.JUnitReportReporter -->
<testsuite skipped="0" hostname="SW-LP07986.local" name="test.Demo" tests="1" failures="0" timestamp="2020-11-09T16:51:00 IST" time="21.634" errors="0">
  <testcase name="f" time="21.634" classname="test.Demo"/>
  <system-out/>
</testsuite> <!-- test.Demo -->
